<?xml version="1.0" encoding="UTF-8"?>
<!-- Generated by org.testng.reporters.JUnitReportReporter -->
<testsuite skipped="0" hostname="LAPTOP-92B43PI5" name="NoBroker" tests="1" failures="0" timestamp="10 Apr 2021 14:44:31 GMT" time="97.452" errors="0">
  <testcase name="start" time="97.452" classname="NoBroker"/>
</testsuite> <!-- NoBroker -->
